[0612/211127.752:ERROR:process_reader_win.cc(188)] ResumeThread: The parameter is incorrect. (0x57)
[0612/211127.753:ERROR:process_reader_win.cc(151)] SuspendThread: Access is denied. (0x5)
[0612/211127.753:ERROR:process_reader_win.cc(151)] SuspendThread: Access is denied. (0x5)
[0612/211127.753:ERROR:process_reader_win.cc(151)] SuspendThread: Access is denied. (0x5)
[0612/211127.753:ERROR:process_reader_win.cc(151)] SuspendThread: Access is denied. (0x5)
[0612/211127.753:ERROR:process_reader_win.cc(151)] SuspendThread: Access is denied. (0x5)
[0612/211127.753:ERROR:process_reader_win.cc(123)] NtOpenThread: An invalid Client ID was specified. (0xc000000b)
[0612/211127.763:ERROR:process_reader_win.cc(151)] SuspendThread: Access is denied. (0x5)
[0612/211127.763:ERROR:process_reader_win.cc(151)] SuspendThread: Access is denied. (0x5)
[0612/211127.763:ERROR:process_reader_win.cc(151)] SuspendThread: Access is denied. (0x5)
[0612/211127.763:ERROR:process_reader_win.cc(151)] SuspendThread: Access is denied. (0x5)
[0612/211127.763:ERROR:process_reader_win.cc(151)] SuspendThread: Access is denied. (0x5)
[0612/211127.763:ERROR:process_reader_win.cc(151)] SuspendThread: Access is denied. (0x5)
[0612/211127.763:ERROR:process_reader_win.cc(151)] SuspendThread: Access is denied. (0x5)
[0612/211127.763:ERROR:process_reader_win.cc(151)] SuspendThread: Access is denied. (0x5)
[0612/211127.763:ERROR:process_reader_win.cc(151)] SuspendThread: Access is denied. (0x5)
[0612/211127.763:ERROR:process_reader_win.cc(151)] SuspendThread: Access is denied. (0x5)
[0612/211127.763:ERROR:process_reader_win.cc(151)] SuspendThread: Access is denied. (0x5)
[0612/211127.763:ERROR:process_reader_win.cc(151)] SuspendThread: Access is denied. (0x5)
[0612/211127.763:ERROR:process_reader_win.cc(151)] SuspendThread: Access is denied. (0x5)
[0612/211127.763:ERROR:process_reader_win.cc(151)] SuspendThread: Access is denied. (0x5)
[0612/211127.763:ERROR:process_reader_win.cc(151)] SuspendThread: Access is denied. (0x5)
[0612/211127.763:ERROR:exception_snapshot_win.cc(98)] thread ID 5616 not found in process
[0612/211127.763:ERROR:scoped_process_suspend.cc(40)] NtResumeProcess: An attempt was made to access an exiting process. (0xc000010a)
